<?xml version="1.0" encoding="UTF-8"?>
<!-- Generated by org.testng.reporters.JUnitReportReporter -->
<testsuite hostname="Omprakash" failures="0" tests="1" name="com.sample.test.practice.VtigerTest" time="22.290" errors="0" timestamp="2022-03-23T14:21:26 IST" skipped="0">
  <testcase classname="com.sample.test.practice.VtigerTest" name="loginLogoutVtiger" time="22.290"/>
  <system-out/>
</testsuite> <!-- com.sample.test.practice.VtigerTest -->
